2025-07-02 17:42:56,580 - __main__ - INFO - ============================================================
2025-07-02 17:42:56,581 - __main__ - INFO - 开始Diffold模型训练
2025-07-02 17:42:56,581 - __main__ - INFO - ============================================================
2025-07-02 17:42:56,581 - __main__ - INFO - 使用设备: cuda
2025-07-02 17:42:56,581 - __main__ - INFO - 初始化Diffold模型...
2025-07-02 17:43:00,879 - __main__ - INFO - 可训练参数数量: 280,859,190
2025-07-02 17:43:00,879 - __main__ - INFO - 初始化数据加载器...
2025-07-02 17:43:00,888 - __main__ - INFO - 训练样本数: 7146
2025-07-02 17:43:00,889 - __main__ - INFO - 验证样本数: 95
2025-07-02 17:43:00,949 - __main__ - INFO - 优化器: AdamW (lr=0.0001)
2025-07-02 17:43:00,949 - __main__ - INFO - 调度器: cosine
2025-07-02 17:43:00,952 - __main__ - INFO - 启用混合精度训练
2025-07-02 17:43:00,952 - __main__ - INFO - 开始训练...
2025-07-02 17:43:47,692 - __main__ - INFO - ============================================================
2025-07-02 17:43:47,693 - __main__ - INFO - 开始Diffold模型训练
2025-07-02 17:43:47,693 - __main__ - INFO - ============================================================
2025-07-02 17:43:47,693 - __main__ - INFO - 使用设备: cuda
2025-07-02 17:43:47,693 - __main__ - INFO - 初始化Diffold模型...
2025-07-02 17:43:51,749 - __main__ - INFO - 可训练参数数量: 280,859,190
2025-07-02 17:43:51,750 - __main__ - INFO - 初始化数据加载器...
2025-07-02 17:43:51,758 - __main__ - INFO - 训练样本数: 7146
2025-07-02 17:43:51,759 - __main__ - INFO - 验证样本数: 95
2025-07-02 17:43:51,820 - __main__ - INFO - 优化器: AdamW (lr=0.0001)
2025-07-02 17:43:51,820 - __main__ - INFO - 调度器: cosine
2025-07-02 17:43:51,824 - __main__ - INFO - 启用混合精度训练
2025-07-02 17:43:51,824 - __main__ - INFO - 开始训练...
2025-07-02 17:52:55,103 - __main__ - INFO - ============================================================
2025-07-02 17:52:55,104 - __main__ - INFO - 开始Diffold模型训练
2025-07-02 17:52:55,104 - __main__ - INFO - ============================================================
2025-07-02 17:52:55,104 - __main__ - INFO - 使用设备: cuda
2025-07-02 17:52:55,104 - __main__ - INFO - 初始化Diffold模型...
2025-07-02 17:52:59,131 - __main__ - INFO - 可训练参数数量: 280,859,190
2025-07-02 17:52:59,131 - __main__ - INFO - 初始化数据加载器...
2025-07-02 17:52:59,144 - __main__ - INFO - 训练样本数: 7146
2025-07-02 17:52:59,144 - __main__ - INFO - 验证样本数: 95
2025-07-02 17:52:59,199 - __main__ - INFO - 优化器: AdamW (lr=0.0001)
2025-07-02 17:52:59,199 - __main__ - INFO - 调度器: cosine
2025-07-02 17:52:59,203 - __main__ - INFO - 启用混合精度训练
2025-07-02 17:52:59,203 - __main__ - INFO - 开始训练...
2025-07-02 17:59:37,916 - __main__ - INFO - ============================================================
2025-07-02 17:59:37,916 - __main__ - INFO - 开始Diffold模型训练
2025-07-02 17:59:37,916 - __main__ - INFO - ============================================================
2025-07-02 17:59:37,916 - __main__ - INFO - 使用设备: cuda
2025-07-02 17:59:37,916 - __main__ - INFO - 初始化Diffold模型...
2025-07-02 17:59:42,000 - __main__ - INFO - 可训练参数数量: 280,859,190
2025-07-02 17:59:42,000 - __main__ - INFO - 初始化数据加载器...
2025-07-02 17:59:42,001 - __main__ - INFO - 使用所有折数的训练数据...
2025-07-02 17:59:53,047 - __main__ - INFO - Fold 0: 训练样本 7146, 验证样本 95
2025-07-02 17:59:53,047 - __main__ - INFO - Fold 1: 训练样本 7658, 验证样本 851
2025-07-02 17:59:53,047 - __main__ - INFO - Fold 2: 训练样本 7658, 验证样本 851
2025-07-02 17:59:53,048 - __main__ - INFO - Fold 3: 训练样本 7658, 验证样本 851
2025-07-02 17:59:53,048 - __main__ - INFO - Fold 4: 训练样本 7658, 验证样本 851
2025-07-02 17:59:53,048 - __main__ - INFO - Fold 5: 训练样本 7658, 验证样本 851
2025-07-02 17:59:53,048 - __main__ - INFO - Fold 6: 训练样本 7658, 验证样本 851
2025-07-02 17:59:53,048 - __main__ - INFO - Fold 7: 训练样本 7658, 验证样本 851
2025-07-02 17:59:53,048 - __main__ - INFO - Fold 8: 训练样本 7658, 验证样本 851
2025-07-02 17:59:53,048 - __main__ - INFO - Fold 9: 训练样本 7659, 验证样本 850
2025-07-02 17:59:53,048 - __main__ - INFO - 合并后训练样本数: 76069
2025-07-02 17:59:53,048 - __main__ - INFO - 合并后验证样本数: 7753
2025-07-02 17:59:53,104 - __main__ - INFO - 优化器: AdamW (lr=0.0001)
2025-07-02 17:59:53,104 - __main__ - INFO - 调度器: cosine
2025-07-02 17:59:53,107 - __main__ - INFO - 启用混合精度训练
2025-07-02 17:59:53,107 - __main__ - INFO - 开始训练...
2025-07-02 18:00:13,632 - __main__ - INFO - ============================================================
2025-07-02 18:00:13,633 - __main__ - INFO - 开始Diffold模型训练
2025-07-02 18:00:13,633 - __main__ - INFO - ============================================================
2025-07-02 18:00:13,633 - __main__ - INFO - 使用设备: cuda
2025-07-02 18:00:13,633 - __main__ - INFO - 初始化Diffold模型...
2025-07-02 18:00:17,011 - __main__ - INFO - 可训练参数数量: 280,859,190
2025-07-02 18:00:17,011 - __main__ - INFO - 初始化数据加载器...
2025-07-02 18:00:17,011 - __main__ - INFO - 使用所有折数的训练数据...
2025-07-02 18:00:17,081 - __main__ - INFO - Fold 0: 训练样本 7146, 验证样本 95
2025-07-02 18:00:17,081 - __main__ - INFO - Fold 1: 训练样本 7658, 验证样本 851
2025-07-02 18:00:17,081 - __main__ - INFO - Fold 2: 训练样本 7658, 验证样本 851
2025-07-02 18:00:17,081 - __main__ - INFO - Fold 3: 训练样本 7658, 验证样本 851
2025-07-02 18:00:17,081 - __main__ - INFO - Fold 4: 训练样本 7658, 验证样本 851
2025-07-02 18:00:17,081 - __main__ - INFO - Fold 5: 训练样本 7658, 验证样本 851
2025-07-02 18:00:17,081 - __main__ - INFO - Fold 6: 训练样本 7658, 验证样本 851
2025-07-02 18:00:17,081 - __main__ - INFO - Fold 7: 训练样本 7658, 验证样本 851
2025-07-02 18:00:17,082 - __main__ - INFO - Fold 8: 训练样本 7658, 验证样本 851
2025-07-02 18:00:17,082 - __main__ - INFO - Fold 9: 训练样本 7659, 验证样本 850
2025-07-02 18:00:17,082 - __main__ - INFO - 合并后训练样本数: 76069
2025-07-02 18:00:17,082 - __main__ - INFO - 合并后验证样本数: 7753
2025-07-02 18:00:17,086 - __main__ - INFO - 优化器: AdamW (lr=0.0001)
2025-07-02 18:00:17,086 - __main__ - INFO - 调度器: cosine
2025-07-02 18:00:17,087 - __main__ - INFO - 启用混合精度训练
2025-07-02 18:00:17,087 - __main__ - INFO - 开始训练...
